Using pre-set license

 COMMAND LINE ARGUMENTS:
/Applications/Unity/Hub/Editor/2020.3.8f1/Unity.app/Contents/MacOS/Unity
-adb2
-batchMode
-noUpm
-name
AssetImportWorker0
-projectPath
/Users/xkal/Documents/study/unity/Unity-3d-Game
-logFile
Logs/AssetImportWorker0.log
-srvPort
61224
Successfully changed project path to: /Users/xkal/Documents/study/unity/Unity-3d-Game
/Users/xkal/Documents/study/unity/Unity-3d-Game
Using Asset Import Pipeline V2.
Refreshing native plugins compatible for Editor in 33.32 ms, found 1 plugins.
Preloading 0 native plugins for Editor in 0.00 ms.
Initialize engine version: 2020.3.8f1 (507919d4fff5)
[Subsystems] Discovering subsystems at path /Applications/Unity/Hub/Editor/2020.3.8f1/Unity.app/Contents/Resources/UnitySubsystems
[Subsystems] Discovering subsystems at path /Users/xkal/Documents/study/unity/Unity-3d-Game/Assets
GfxDevice: creating device client; threaded=0
2023-09-28 09:19:00.182 Unity[55570:927809] (null) preferred device: Apple M1 Pro (high power)
2023-09-28 09:19:00.182 Unity[55570:927809] Metal devices available: 1
2023-09-28 09:19:00.182 Unity[55570:927809] 0: Apple M1 Pro (high power)
2023-09-28 09:19:00.183 Unity[55570:927809] Using device Apple M1 Pro (high power)
Initializing Metal device caps: Apple M1 Pro
Initialize mono
Mono path[0] = '/Applications/Unity/Hub/Editor/2020.3.8f1/Unity.app/Contents/Managed'
Mono path[1] = '/Applications/Unity/Hub/Editor/2020.3.8f1/Unity.app/Contents/MonoBleedingEdge/lib/mono/unityjit'
Mono config path = '/Applications/Unity/Hub/Editor/2020.3.8f1/Unity.app/Contents/MonoBleedingEdge/etc'
Using monoOptions --debugger-agent=transport=dt_socket,embedding=1,server=y,suspend=n,address=127.0.0.1:56570
Begin MonoManager ReloadAssembly
Registering precompiled unity dll's ...
Register platform support module: /Applications/Unity/Hub/Editor/2020.3.8f1/Unity.app/Contents/PlaybackEngines/MacStandaloneSupport/UnityEditor.OSXStandalone.Extensions.dll
Registered in 0.001188 seconds.
Native extension for OSXStandalone target not found
Refreshing native plugins compatible for Editor in 21.69 ms, found 1 plugins.
Preloading 0 native plugins for Editor in 0.00 ms.
Mono: successfully reloaded assembly
- Completed reload, in  2.372 seconds
Platform modules already initialized, skipping
Registering precompiled user dll's ...
Registered in 0.000817 seconds.
Begin MonoManager ReloadAssembly
Native extension for OSXStandalone target not found
Refreshing native plugins compatible for Editor in 0.21 ms, found 1 plugins.
Preloading 0 native plugins for Editor in 0.00 ms.
Mono: successfully reloaded assembly
- Completed reload, in  1.616 seconds
Platform modules already initialized, skipping
========================================================================
Worker process is ready to serve import requests
Launching external process: /Applications/Unity/Hub/Editor/2020.3.8f1/Unity.app/Contents/Tools/UnityShaderCompiler
Launched and connected shader compiler UnityShaderCompiler after 0.04 seconds
Refreshing native plugins compatible for Editor in 0.21 ms, found 1 plugins.
Preloading 0 native plugins for Editor in 0.00 ms.
Unloading 1124 Unused Serialized files (Serialized files now loaded: 0)
System memory in use before: 54.7 MB.
System memory in use after: 54.7 MB.

Unloading 10 unused Assets to reduce memory usage. Loaded Objects now: 1567.
Total: 1.588708 ms (FindLiveObjects: 0.086584 ms CreateObjectMapping: 0.022083 ms MarkObjects: 1.381292 ms  DeleteObjects: 0.095500 ms)

========================================================================
Received Import Request.
  path: Assets/Scenes/Lighting Settings/Level01
  artifactKey: Guid(7426daf743260224a8330e0234278e4c) Importer(815301076,1909f56bfc062723c751e8b465ee728b)
Start importing Assets/Scenes/Lighting Settings/Level01 using Guid(7426daf743260224a8330e0234278e4c) Importer(815301076,1909f56bfc062723c751e8b465ee728b)  -> (artifact id: '342de5121829a830e41c404bc485443e') in 0.006638 seconds
  Import took 0.008271 seconds .

========================================================================
Received Import Request.
  Time since last request: 0.000294 seconds.
  path: Assets/Scenes/Lighting Settings/New Lighting Settings.lighting
  artifactKey: Guid(bce67f693f5b21a4f9650f78ec951855) Importer(815301076,1909f56bfc062723c751e8b465ee728b)
Start importing Assets/Scenes/Lighting Settings/New Lighting Settings.lighting using Guid(bce67f693f5b21a4f9650f78ec951855) Importer(815301076,1909f56bfc062723c751e8b465ee728b)  -> (artifact id: 'a0c4b47803d52f927aa0a9818f322258') in 0.535345 seconds
  Import took 0.536819 seconds .

