Using pre-set license

 COMMAND LINE ARGUMENTS:
/Applications/Unity/Hub/Editor/2020.3.8f1/Unity.app/Contents/MacOS/Unity
-adb2
-batchMode
-noUpm
-name
AssetImportWorker0
-projectPath
/Users/xkal/Documents/study/unity/Unity-3d-Game
-logFile
Logs/AssetImportWorker0.log
-srvPort
57816
Successfully changed project path to: /Users/xkal/Documents/study/unity/Unity-3d-Game
/Users/xkal/Documents/study/unity/Unity-3d-Game
Using Asset Import Pipeline V2.
Refreshing native plugins compatible for Editor in 37.54 ms, found 1 plugins.
Preloading 0 native plugins for Editor in 0.00 ms.
Initialize engine version: 2020.3.8f1 (507919d4fff5)
[Subsystems] Discovering subsystems at path /Applications/Unity/Hub/Editor/2020.3.8f1/Unity.app/Contents/Resources/UnitySubsystems
[Subsystems] Discovering subsystems at path /Users/xkal/Documents/study/unity/Unity-3d-Game/Assets
GfxDevice: creating device client; threaded=0
2023-09-28 21:38:59.960 Unity[33795:1570675] (null) preferred device: Apple M1 Pro (high power)
2023-09-28 21:38:59.960 Unity[33795:1570675] Metal devices available: 1
2023-09-28 21:38:59.960 Unity[33795:1570675] 0: Apple M1 Pro (high power)
2023-09-28 21:38:59.960 Unity[33795:1570675] Using device Apple M1 Pro (high power)
Initializing Metal device caps: Apple M1 Pro
Initialize mono
Mono path[0] = '/Applications/Unity/Hub/Editor/2020.3.8f1/Unity.app/Contents/Managed'
Mono path[1] = '/Applications/Unity/Hub/Editor/2020.3.8f1/Unity.app/Contents/MonoBleedingEdge/lib/mono/unityjit'
Mono config path = '/Applications/Unity/Hub/Editor/2020.3.8f1/Unity.app/Contents/MonoBleedingEdge/etc'
Using monoOptions --debugger-agent=transport=dt_socket,embedding=1,server=y,suspend=n,address=127.0.0.1:56795
Begin MonoManager ReloadAssembly
Registering precompiled unity dll's ...
Register platform support module: /Applications/Unity/Hub/Editor/2020.3.8f1/Unity.app/Contents/PlaybackEngines/MacStandaloneSupport/UnityEditor.OSXStandalone.Extensions.dll
Registered in 0.001761 seconds.
Native extension for OSXStandalone target not found
Refreshing native plugins compatible for Editor in 23.66 ms, found 1 plugins.
Preloading 0 native plugins for Editor in 0.00 ms.
Mono: successfully reloaded assembly
- Completed reload, in  2.217 seconds
Platform modules already initialized, skipping
Registering precompiled user dll's ...
Registered in 0.001000 seconds.
Begin MonoManager ReloadAssembly
Native extension for OSXStandalone target not found
Refreshing native plugins compatible for Editor in 0.29 ms, found 1 plugins.
Preloading 0 native plugins for Editor in 0.00 ms.
Mono: successfully reloaded assembly
- Completed reload, in  1.781 seconds
Platform modules already initialized, skipping
========================================================================
Worker process is ready to serve import requests
Launching external process: /Applications/Unity/Hub/Editor/2020.3.8f1/Unity.app/Contents/Tools/UnityShaderCompiler
Launched and connected shader compiler UnityShaderCompiler after 0.17 seconds
Refreshing native plugins compatible for Editor in 0.22 ms, found 1 plugins.
Preloading 0 native plugins for Editor in 0.00 ms.
Unloading 1124 Unused Serialized files (Serialized files now loaded: 0)
System memory in use before: 54.5 MB.
System memory in use after: 54.6 MB.

Unloading 10 unused Assets to reduce memory usage. Loaded Objects now: 1567.
Total: 1.800875 ms (FindLiveObjects: 0.147708 ms CreateObjectMapping: 0.023041 ms MarkObjects: 1.538417 ms  DeleteObjects: 0.091000 ms)

========================================================================
Received Import Request.
  path: Assets/Materials/Floor2.mat
  artifactKey: Guid(ed495006c67e441fc809dcc5c2de41e8) Importer(815301076,1909f56bfc062723c751e8b465ee728b)
Start importing Assets/Materials/Floor2.mat using Guid(ed495006c67e441fc809dcc5c2de41e8) Importer(815301076,1909f56bfc062723c751e8b465ee728b)  -> (artifact id: '383b1fed5fdb5630a07a228074fe9d9c') in 1.076763 seconds
  Import took 1.084340 seconds .

========================================================================
Received Import Request.
  Time since last request: 0.000369 seconds.
  path: Assets/Materials/Floor3.mat
  artifactKey: Guid(95fc4632fadf4406781c8e7c329e42f7) Importer(815301076,1909f56bfc062723c751e8b465ee728b)
Start importing Assets/Materials/Floor3.mat using Guid(95fc4632fadf4406781c8e7c329e42f7) Importer(815301076,1909f56bfc062723c751e8b465ee728b)  -> (artifact id: 'c1627d1a3149ce8252f230c5b1ace215') in 0.018607 seconds
  Import took 0.021092 seconds .

========================================================================
Received Import Request.
  Time since last request: 0.008816 seconds.
  path: Assets/Materials/Floor3.mat
  artifactKey: Guid(95fc4632fadf4406781c8e7c329e42f7) Importer(815301076,1909f56bfc062723c751e8b465ee728b)
Start importing Assets/Materials/Floor3.mat using Guid(95fc4632fadf4406781c8e7c329e42f7) Importer(815301076,1909f56bfc062723c751e8b465ee728b)  -> (artifact id: 'c1627d1a3149ce8252f230c5b1ace215') in 0.009089 seconds
  Import took 0.011614 seconds .

========================================================================
Received Prepare
Registering precompiled user dll's ...
Registered in 0.002052 seconds.
Begin MonoManager ReloadAssembly
Native extension for OSXStandalone target not found
Refreshing native plugins compatible for Editor in 0.22 ms, found 1 plugins.
Preloading 0 native plugins for Editor in 0.00 ms.
Mono: successfully reloaded assembly
- Completed reload, in  1.944 seconds
Platform modules already initialized, skipping
Refreshing native plugins compatible for Editor in 0.22 ms, found 1 plugins.
Preloading 0 native plugins for Editor in 0.00 ms.
Unloading 1119 Unused Serialized files (Serialized files now loaded: 0)
System memory in use before: 136.1 MB.
System memory in use after: 136.2 MB.

Unloading 5 unused Assets to reduce memory usage. Loaded Objects now: 1610.
Total: 1.764292 ms (FindLiveObjects: 0.183333 ms CreateObjectMapping: 0.027291 ms MarkObjects: 1.476542 ms  DeleteObjects: 0.076083 ms)

========================================================================
Received Import Request.
  Time since last request: 245.154992 seconds.
  path: Assets/Materials/Floor2.mat
  artifactKey: Guid(ed495006c67e441fc809dcc5c2de41e8) Importer(815301076,1909f56bfc062723c751e8b465ee728b)
Start importing Assets/Materials/Floor2.mat using Guid(ed495006c67e441fc809dcc5c2de41e8) Importer(815301076,1909f56bfc062723c751e8b465ee728b)  -> (artifact id: 'c727f80d806554b1d88f000f6d6b9f06') in 0.305416 seconds
  Import took 0.326905 seconds .

========================================================================
Received Import Request.
  Time since last request: 0.000193 seconds.
  path: Assets/Materials/Floor3.mat
  artifactKey: Guid(95fc4632fadf4406781c8e7c329e42f7) Importer(815301076,1909f56bfc062723c751e8b465ee728b)
Start importing Assets/Materials/Floor3.mat using Guid(95fc4632fadf4406781c8e7c329e42f7) Importer(815301076,1909f56bfc062723c751e8b465ee728b)  -> (artifact id: 'ccd7103d67821a6e0be065a2607ddb1d') in 0.013253 seconds
  Import took 0.015486 seconds .

========================================================================
Received Import Request.
  Time since last request: 27.056806 seconds.
  path: Assets/Scenes/Level02.unity
  artifactKey: Guid(669d0d3c05e154d10991ded3cb26039a) Importer(815301076,1909f56bfc062723c751e8b465ee728b)
Start importing Assets/Scenes/Level02.unity using Guid(669d0d3c05e154d10991ded3cb26039a) Importer(815301076,1909f56bfc062723c751e8b465ee728b)  -> (artifact id: '5b72532dd2f821febfab6c6c342c6fec') in 0.017127 seconds
  Import took 0.027939 seconds .

========================================================================
Received Import Request.
  Time since last request: 26.084248 seconds.
  path: Assets/Scenes/Level03.unity
  artifactKey: Guid(d7a80efdf81af485bb71bb37f476f715) Importer(815301076,1909f56bfc062723c751e8b465ee728b)
Start importing Assets/Scenes/Level03.unity using Guid(d7a80efdf81af485bb71bb37f476f715) Importer(815301076,1909f56bfc062723c751e8b465ee728b)  -> (artifact id: '145121c44638edf529e9a29ee02921d8') in 0.005241 seconds
  Import took 0.046321 seconds .

